<?xml version="1.0" encoding="UTF-8"?>
<testsuite xmlns:xsi="http://www.w3.org/2001/XMLSchema-instance" xsi:noNamespaceSchemaLocation="https://maven.apache.org/surefire/maven-surefire-plugin/xsd/surefire-test-report-3.0.xsd" version="3.0" name="com.spotify.oauth2.tests.PlaylistTests" time="7.572" tests="5" errors="0" skipped="0" failures="0">
  <properties>
[...]
</properties>
  <testcase name="ShouldBeAbleToCreatePlaylist" classname="com.spotify.oauth2.tests.PlaylistTests" time="5.117">
    <system-out><![CDATA[Renewing Token..
Request method:	POST
Request URI:	https://accounts.spotify.com/api/token
Proxy:			<none>
Request params:	<none>
Query params:	<none>
Form params:	refresh_token=AQCihp1wbRnAQTWvt2CW4QZHUjfHgAxQuo0dsPHa7ATR9siu0M8tmVn__E_SvbpRQA6i5NGN4JCyH5OlhsteNR0Xal1lAI7OSXVbrmNR4xIE1zL7Ln93F3gThw6w527OdWw
				grant_type=refresh_token
				client_secret=c5f02866a18b4b4ab353006308b0ced6
				client_id=a67da5d057d84f4d91e8fe5dc057977d
Path params:	<none>
Headers:		Accept=*/*
				Content-Type=application/x-www-form-urlencoded; charset=ISO-8859-1
Cookies:		<none>
Multiparts:		<none>
Body:			<none>
HTTP/1.1 200 OK
date: Sat, 02 Nov 2024 08:15:19 GMT
content-type: application/json
vary: Accept-Encoding
x-request-id: 70c182f4-5f24-42ab-8d5a-fcf6c4bd03a5
set-cookie: __Host-device_id=AQDQBMgm4bfW-tvew-0r2zKERZvgmyqw4Rs4vRaC93WlW21QKcOBCGphh0f6D6zmv34fjUYlJH-xF_m_OAcTJG0S6e2OvLI2jlE;Version=1;Path=/;Max-Age=2147483647;Secure;HttpOnly;SameSite=Lax
set-cookie: sp_tr=false;Version=1;Domain=accounts.spotify.com;Path=/;Secure;SameSite=Lax
sp-trace-id: 05c69154e8e97dea
content-encoding: gzip
x-envoy-upstream-service-time: 25
server: envoy
strict-transport-security: max-age=31536000
x-content-type-options: nosniff
Via: HTTP/2 edgeproxy, 1.1 google
Alt-Svc: h3=":443"; ma=2592000,h3-29=":443"; ma=2592000
Transfer-Encoding: chunked

{
    "access_token": "BQDOkGxfWCa_vhCcsM5TTaB5xWLd6rryJQOoJx91dvkZpvZ9MAEoOiiN2z9eixW6y59-Y9w_yrbegTLm6byncFWw7KcksWbYbDl8Tjk9VfkHBAWTMyY6vsiMuX3theiHqN8CWGLebDNQcMZFnJvxKkDSA_DUmlL979WMHQcBp9EDhw1_38h_sir1R5GaVGVIsqErK1aN5n_UgfCrcDneRozW9Sqh37eZnydxBje20FlV-Qih_W2AJ0kM-P24bFN_3xfQkTNE4Yriz7E8NYlOc9gM",
    "token_type": "Bearer",
    "expires_in": 3600,
    "scope": "playlist-read-private playlist-read-collaborative playlist-modify-private playlist-modify-public"
}
Request method:	POST
Request URI:	https://api.spotify.com/v1/users/31riagxrmqgrxbxp3og5lon5zvvm/playlists
Proxy:			<none>
Request params:	<none>
Query params:	<none>
Form params:	<none>
Path params:	<none>
Headers:		Authorization=Bearer BQDOkGxfWCa_vhCcsM5TTaB5xWLd6rryJQOoJx91dvkZpvZ9MAEoOiiN2z9eixW6y59-Y9w_yrbegTLm6byncFWw7KcksWbYbDl8Tjk9VfkHBAWTMyY6vsiMuX3theiHqN8CWGLebDNQcMZFnJvxKkDSA_DUmlL979WMHQcBp9EDhw1_38h_sir1R5GaVGVIsqErK1aN5n_UgfCrcDneRozW9Sqh37eZnydxBje20FlV-Qih_W2AJ0kM-P24bFN_3xfQkTNE4Yriz7E8NYlOc9gM
				Accept=*/*
				Content-Type=application/json
Cookies:		<none>
Multiparts:		<none>
Body:
{
    "description": "New playlist description",
    "name": "New Playlist",
    "public": false
}
HTTP/1.1 201 Created
content-type: application/json; charset=utf-8
cache-control: private, max-age=0
x-robots-tag: noindex, nofollow
access-control-allow-origin: *
access-control-allow-headers: Accept, App-Platform, Authorization, Content-Type, Origin, Retry-After, Spotify-App-Version, X-Cloud-Trace-Context, client-token, content-access-token
access-control-allow-methods: GET, POST, OPTIONS, PUT, DELETE, PATCH
access-control-allow-credentials: true
access-control-max-age: 604800
content-encoding: gzip
strict-transport-security: max-age=31536000
x-content-type-options: nosniff
date: Sat, 02 Nov 2024 08:15:20 GMT
server: envoy
Via: HTTP/2 edgeproxy, 1.1 google
Alt-Svc: h3=":443"; ma=2592000,h3-29=":443"; ma=2592000
Transfer-Encoding: chunked

{
    "collaborative": false,
    "description": "New playlist description",
    "external_urls": {
        "spotify": "https://open.spotify.com/playlist/1okBxCbI75qhShstB6P5Nf"
    },
    "followers": {
        "href": null,
        "total": 0
    },
    "href": "https://api.spotify.com/v1/playlists/1okBxCbI75qhShstB6P5Nf",
    "id": "1okBxCbI75qhShstB6P5Nf",
    "images": [
        
    ],
    "primary_color": null,
    "name": "New Playlist",
    "type": "playlist",
    "uri": "spotify:playlist:1okBxCbI75qhShstB6P5Nf",
    "owner": {
        "href": "https://api.spotify.com/v1/users/31riagxrmqgrxbxp3og5lon5zvvm",
        "id": "31riagxrmqgrxbxp3og5lon5zvvm",
        "type": "user",
        "uri": "spotify:user:31riagxrmqgrxbxp3og5lon5zvvm",
        "display_name": null,
        "external_urls": {
            "spotify": "https://open.spotify.com/user/31riagxrmqgrxbxp3og5lon5zvvm"
        }
    },
    "public": false,
    "snapshot_id": "AAAAKVaxaBc8tuM+u0MW/C5CGKKW15ee",
    "tracks": {
        "limit": 100,
        "next": null,
        "offset": 0,
        "previous": null,
        "href": "https://api.spotify.com/v1/playlists/1okBxCbI75qhShstB6P5Nf/tracks",
        "total": 0,
        "items": [
            
        ]
    }
}
]]></system-out>
    <system-err><![CDATA[SLF4J: Failed to load class "org.slf4j.impl.StaticLoggerBinder".
SLF4J: Defaulting to no-operation (NOP) logger implementation
SLF4J: See http://www.slf4j.org/codes.html#StaticLoggerBinder for further details.
]]></system-err>
  </testcase>
  <testcase name="ShouldBeAbleToGetPlaylist" classname="com.spotify.oauth2.tests.PlaylistTests" time="0.275">
    <system-out><![CDATA[Token is good to use
Request method:	GET
Request URI:	https://api.spotify.com/v1/playlists/1WTK34AP0Wr9rNSytCE7iC
Proxy:			<none>
Request params:	<none>
Query params:	<none>
Form params:	<none>
Path params:	<none>
Headers:		Authorization=Bearer BQDOkGxfWCa_vhCcsM5TTaB5xWLd6rryJQOoJx91dvkZpvZ9MAEoOiiN2z9eixW6y59-Y9w_yrbegTLm6byncFWw7KcksWbYbDl8Tjk9VfkHBAWTMyY6vsiMuX3theiHqN8CWGLebDNQcMZFnJvxKkDSA_DUmlL979WMHQcBp9EDhw1_38h_sir1R5GaVGVIsqErK1aN5n_UgfCrcDneRozW9Sqh37eZnydxBje20FlV-Qih_W2AJ0kM-P24bFN_3xfQkTNE4Yriz7E8NYlOc9gM
				Accept=*/*
				Content-Type=application/json
Cookies:		<none>
Multiparts:		<none>
Body:			<none>
HTTP/1.1 200 OK
content-type: application/json; charset=utf-8
cache-control: public, max-age=0
etag: "MC-ImMyY2Y2NjU0ODkwOTcxNmZmMDUwYmMzNTRjNDFkNDM3Ig=="
x-robots-tag: noindex, nofollow
access-control-allow-origin: *
access-control-allow-headers: Accept, App-Platform, Authorization, Content-Type, Origin, Retry-After, Spotify-App-Version, X-Cloud-Trace-Context, client-token, content-access-token
access-control-allow-methods: GET, POST, OPTIONS, PUT, DELETE, PATCH
access-control-allow-credentials: true
access-control-max-age: 604800
content-encoding: gzip
strict-transport-security: max-age=31536000
x-content-type-options: nosniff
date: Sat, 02 Nov 2024 08:15:20 GMT
server: envoy
Via: HTTP/2 edgeproxy, 1.1 google
Alt-Svc: h3=":443"; ma=2592000,h3-29=":443"; ma=2592000
Transfer-Encoding: chunked

{
    "collaborative": false,
    "description": "Updated playlist description",
    "external_urls": {
        "spotify": "https://open.spotify.com/playlist/1WTK34AP0Wr9rNSytCE7iC"
    },
    "followers": {
        "href": null,
        "total": 0
    },
    "href": "https://api.spotify.com/v1/playlists/1WTK34AP0Wr9rNSytCE7iC",
    "id": "1WTK34AP0Wr9rNSytCE7iC",
    "images": null,
    "name": "Updated Playlist Name",
    "owner": {
        "display_name": "Tariq",
        "external_urls": {
            "spotify": "https://open.spotify.com/user/31riagxrmqgrxbxp3og5lon5zvvm"
        },
        "href": "https://api.spotify.com/v1/users/31riagxrmqgrxbxp3og5lon5zvvm",
        "id": "31riagxrmqgrxbxp3og5lon5zvvm",
        "type": "user",
        "uri": "spotify:user:31riagxrmqgrxbxp3og5lon5zvvm"
    },
    "primary_color": null,
    "public": true,
    "snapshot_id": "AAAAAnjsoZZYf/n/74E2s2Oei5BmHBsi",
    "tracks": {
        "href": "https://api.spotify.com/v1/playlists/1WTK34AP0Wr9rNSytCE7iC/tracks?offset=0&limit=0",
        "items": [
            
        ],
        "limit": 0,
        "next": null,
        "offset": 0,
        "previous": null,
        "total": 0
    },
    "type": "playlist",
    "uri": "spotify:playlist:1WTK34AP0Wr9rNSytCE7iC"
}
]]></system-out>
  </testcase>
  <testcase name="ShouldBeAbleToUpdatePlaylist" classname="com.spotify.oauth2.tests.PlaylistTests" time="0.266">
    <system-out><![CDATA[Token is good to use
Request method:	PUT
Request URI:	https://api.spotify.com/v1/playlists/2p7cquNGGq2UXNNL2BWxBQ
Proxy:			<none>
Request params:	<none>
Query params:	<none>
Form params:	<none>
Path params:	<none>
Headers:		Authorization=Bearer BQDOkGxfWCa_vhCcsM5TTaB5xWLd6rryJQOoJx91dvkZpvZ9MAEoOiiN2z9eixW6y59-Y9w_yrbegTLm6byncFWw7KcksWbYbDl8Tjk9VfkHBAWTMyY6vsiMuX3theiHqN8CWGLebDNQcMZFnJvxKkDSA_DUmlL979WMHQcBp9EDhw1_38h_sir1R5GaVGVIsqErK1aN5n_UgfCrcDneRozW9Sqh37eZnydxBje20FlV-Qih_W2AJ0kM-P24bFN_3xfQkTNE4Yriz7E8NYlOc9gM
				Accept=*/*
				Content-Type=application/json
Cookies:		<none>
Multiparts:		<none>
Body:
{
    "description": "New playlist description",
    "name": "New Playlist",
    "public": false
}
HTTP/1.1 200 OK
cache-control: private, max-age=0
x-robots-tag: noindex, nofollow
access-control-allow-origin: *
access-control-allow-headers: Accept, App-Platform, Authorization, Content-Type, Origin, Retry-After, Spotify-App-Version, X-Cloud-Trace-Context, client-token, content-access-token
access-control-allow-methods: GET, POST, OPTIONS, PUT, DELETE, PATCH
access-control-allow-credentials: true
access-control-max-age: 604800
Content-Length: 0
strict-transport-security: max-age=31536000
x-content-type-options: nosniff
date: Sat, 02 Nov 2024 08:15:21 GMT
server: envoy
Via: HTTP/2 edgeproxy, 1.1 google
Alt-Svc: h3=":443"; ma=2592000,h3-29=":443"; ma=2592000
]]></system-out>
  </testcase>
  <testcase name="ShouldNotBeAbleToCreatePlaylistWithExpiredToken" classname="com.spotify.oauth2.tests.PlaylistTests" time="0.173">
    <system-out><![CDATA[Request method:	POST
Request URI:	https://api.spotify.com/v1/users/31riagxrmqgrxbxp3og5lon5zvvm/playlists
Proxy:			<none>
Request params:	<none>
Query params:	<none>
Form params:	<none>
Path params:	<none>
Headers:		Authorization=Bearer dummyvalue12345
				Accept=*/*
				Content-Type=application/json
Cookies:		<none>
Multiparts:		<none>
Body:
{
    "description": "New playlist description",
    "name": "New Playlist",
    "public": false
}
HTTP/1.1 401 Unauthorized
www-authenticate: Bearer realm="spotify", error="invalid_token", error_description="Invalid access token"
access-control-allow-origin: *
access-control-allow-headers: Accept, App-Platform, Authorization, Content-Type, Origin, Retry-After, Spotify-App-Version, X-Cloud-Trace-Context, client-token, content-access-token
access-control-allow-methods: GET, POST, OPTIONS, PUT, DELETE, PATCH
access-control-allow-credentials: true
access-control-max-age: 604800
content-type: application/json
content-encoding: gzip
strict-transport-security: max-age=31536000
x-content-type-options: nosniff
date: Sat, 02 Nov 2024 08:15:21 GMT
server: envoy
Via: HTTP/2 edgeproxy, 1.1 google
Alt-Svc: h3=":443"; ma=2592000,h3-29=":443"; ma=2592000
Transfer-Encoding: chunked

{
    "error": {
        "status": 401,
        "message": "Invalid access token"
    }
}
]]></system-out>
  </testcase>
  <testcase name="ShouldNotBeAbleToCreatePlaylistWithoutName" classname="com.spotify.oauth2.tests.PlaylistTests" time="0.185">
    <system-out><![CDATA[Token is good to use
Request method:	POST
Request URI:	https://api.spotify.com/v1/users/31riagxrmqgrxbxp3og5lon5zvvm/playlists
Proxy:			<none>
Request params:	<none>
Query params:	<none>
Form params:	<none>
Path params:	<none>
Headers:		Authorization=Bearer BQDOkGxfWCa_vhCcsM5TTaB5xWLd6rryJQOoJx91dvkZpvZ9MAEoOiiN2z9eixW6y59-Y9w_yrbegTLm6byncFWw7KcksWbYbDl8Tjk9VfkHBAWTMyY6vsiMuX3theiHqN8CWGLebDNQcMZFnJvxKkDSA_DUmlL979WMHQcBp9EDhw1_38h_sir1R5GaVGVIsqErK1aN5n_UgfCrcDneRozW9Sqh37eZnydxBje20FlV-Qih_W2AJ0kM-P24bFN_3xfQkTNE4Yriz7E8NYlOc9gM
				Accept=*/*
				Content-Type=application/json
Cookies:		<none>
Multiparts:		<none>
Body:
{
    "description": "New playlist description",
    "name": "",
    "public": false
}
HTTP/1.1 400 Bad Request
content-type: application/json; charset=utf-8
cache-control: private, max-age=0
access-control-allow-origin: *
access-control-allow-headers: Accept, App-Platform, Authorization, Content-Type, Origin, Retry-After, Spotify-App-Version, X-Cloud-Trace-Context, client-token, content-access-token
access-control-allow-methods: GET, POST, OPTIONS, PUT, DELETE, PATCH
access-control-allow-credentials: true
access-control-max-age: 604800
content-encoding: gzip
strict-transport-security: max-age=31536000
x-content-type-options: nosniff
date: Sat, 02 Nov 2024 08:15:21 GMT
server: envoy
Via: HTTP/2 edgeproxy, 1.1 google
Alt-Svc: h3=":443"; ma=2592000,h3-29=":443"; ma=2592000
Transfer-Encoding: chunked

{
    "error": {
        "status": 400,
        "message": "Missing required field: name"
    }
}
]]></system-out>
  </testcase>
</testsuite>