<?xml version="1.0" encoding="UTF-8"?>
<testng-results ignored="0" total="5" passed="5" failed="0" skipped="0">
  <reporter-output>
  </reporter-output>
  <suite started-at="2024-11-01T22:40:25 IST" name="Surefire suite" finished-at="2024-11-01T22:40:37 IST" duration-ms="11245">
    <groups>
    </groups>
    <test started-at="2024-11-01T22:40:25 IST" name="Surefire test" finished-at="2024-11-01T22:40:37 IST" duration-ms="11245">
      <class name="com.spotify.oauth2.tests.PlaylistTests">
        <test-method signature="ShouldBeAbleToCreatePlaylist()[pri:0, instance:com.spotify.oauth2.tests.PlaylistTests@67e28be3]" started-at="2024-11-01T22:40:25 IST" name="ShouldBeAbleToCreatePlaylist" finished-at="2024-11-01T22:40:34 IST" duration-ms="8915" status="PASS">
          <reporter-output>
          </reporter-output>
        </test-method> <!-- ShouldBeAbleToCreatePlaylist -->
        <test-method signature="ShouldBeAbleToGetPlaylist()[pri:0, instance:com.spotify.oauth2.tests.PlaylistTests@67e28be3]" started-at="2024-11-01T22:40:35 IST" name="ShouldBeAbleToGetPlaylist" finished-at="2024-11-01T22:40:35 IST" duration-ms="379" status="PASS">
          <reporter-output>
          </reporter-output>
        </test-method> <!-- ShouldBeAbleToGetPlaylist -->
        <test-method signature="ShouldBeAbleToUpdatePlaylist()[pri:0, instance:com.spotify.oauth2.tests.PlaylistTests@67e28be3]" started-at="2024-11-01T22:40:35 IST" name="ShouldBeAbleToUpdatePlaylist" finished-at="2024-11-01T22:40:35 IST" duration-ms="334" status="PASS">
          <reporter-output>
          </reporter-output>
        </test-method> <!-- ShouldBeAbleToUpdatePlaylist -->
        <test-method signature="ShouldNotBeAbleToCreatePlaylistWithExpiredToken()[pri:0, instance:com.spotify.oauth2.tests.PlaylistTests@67e28be3]" started-at="2024-11-01T22:40:35 IST" name="ShouldNotBeAbleToCreatePlaylistWithExpiredToken" finished-at="2024-11-01T22:40:36 IST" duration-ms="604" status="PASS">
          <reporter-output>
          </reporter-output>
        </test-method> <!-- ShouldNotBeAbleToCreatePlaylistWithExpiredToken -->
        <test-method signature="ShouldNotBeAbleToCreatePlaylistWithoutName()[pri:0, instance:com.spotify.oauth2.tests.PlaylistTests@67e28be3]" started-at="2024-11-01T22:40:36 IST" name="ShouldNotBeAbleToCreatePlaylistWithoutName" finished-at="2024-11-01T22:40:37 IST" duration-ms="756" status="PASS">
          <reporter-output>
          </reporter-output>
        </test-method> <!-- ShouldNotBeAbleToCreatePlaylistWithoutName -->
      </class> <!-- com.spotify.oauth2.tests.PlaylistTests -->
    </test> <!-- Surefire test -->
  </suite> <!-- Surefire suite -->
</testng-results>
