<?xml version="1.0" encoding="UTF-8"?>
<testng-results ignored="0" total="5" passed="5" failed="0" skipped="0">
  <reporter-output>
  </reporter-output>
  <suite started-at="2024-11-02T13:45:15 IST" name="Surefire suite" finished-at="2024-11-02T13:45:21 IST" duration-ms="6112">
    <groups>
    </groups>
    <test started-at="2024-11-02T13:45:15 IST" name="Surefire test" finished-at="2024-11-02T13:45:21 IST" duration-ms="6112">
      <class name="com.spotify.oauth2.tests.PlaylistTests">
        <test-method signature="ShouldBeAbleToCreatePlaylist()[pri:0, instance:com.spotify.oauth2.tests.PlaylistTests@12b5454f]" started-at="2024-11-02T13:45:15 IST" name="ShouldBeAbleToCreatePlaylist" description="Should be able to create a Playlist" finished-at="2024-11-02T13:45:20 IST" duration-ms="5035" status="PASS">
          <reporter-output>
          </reporter-output>
        </test-method> <!-- ShouldBeAbleToCreatePlaylist -->
        <test-method signature="ShouldBeAbleToGetPlaylist()[pri:0, instance:com.spotify.oauth2.tests.PlaylistTests@12b5454f]" started-at="2024-11-02T13:45:20 IST" name="ShouldBeAbleToGetPlaylist" description="Should be able to get a Playlist" finished-at="2024-11-02T13:45:21 IST" duration-ms="272" status="PASS">
          <reporter-output>
          </reporter-output>
        </test-method> <!-- ShouldBeAbleToGetPlaylist -->
        <test-method signature="ShouldBeAbleToUpdatePlaylist()[pri:0, instance:com.spotify.oauth2.tests.PlaylistTests@12b5454f]" started-at="2024-11-02T13:45:21 IST" name="ShouldBeAbleToUpdatePlaylist" description="Should be able to update a Playlist" finished-at="2024-11-02T13:45:21 IST" duration-ms="266" status="PASS">
          <reporter-output>
          </reporter-output>
        </test-method> <!-- ShouldBeAbleToUpdatePlaylist -->
        <test-method signature="ShouldNotBeAbleToCreatePlaylistWithExpiredToken()[pri:0, instance:com.spotify.oauth2.tests.PlaylistTests@12b5454f]" started-at="2024-11-02T13:45:21 IST" name="ShouldNotBeAbleToCreatePlaylistWithExpiredToken" description="Should not be able to create a Playlist with exprired Token" finished-at="2024-11-02T13:45:21 IST" duration-ms="171" status="PASS">
          <reporter-output>
          </reporter-output>
        </test-method> <!-- ShouldNotBeAbleToCreatePlaylistWithExpiredToken -->
        <test-method signature="ShouldNotBeAbleToCreatePlaylistWithoutName()[pri:0, instance:com.spotify.oauth2.tests.PlaylistTests@12b5454f]" started-at="2024-11-02T13:45:21 IST" name="ShouldNotBeAbleToCreatePlaylistWithoutName" description="Should not be able to create a Playlist without Name" finished-at="2024-11-02T13:45:21 IST" duration-ms="184" status="PASS">
          <reporter-output>
          </reporter-output>
        </test-method> <!-- ShouldNotBeAbleToCreatePlaylistWithoutName -->
      </class> <!-- com.spotify.oauth2.tests.PlaylistTests -->
    </test> <!-- Surefire test -->
  </suite> <!-- Surefire suite -->
</testng-results>
