<?xml version="1.0" encoding="UTF-8"?>
<testsuite xmlns:xsi="http://www.w3.org/2001/XMLSchema-instance" xsi:noNamespaceSchemaLocation="https://maven.apache.org/surefire/maven-surefire-plugin/xsd/surefire-test-report-3.0.xsd" version="3.0" name="TestSuite" time="7.698" tests="5" errors="0" skipped="0" failures="0">
  <properties>
[...]
</properties>
  <testcase name="ShouldNotBeAbleToCreatePlaylistWithExpiredToken" classname="com.spotify.oauth2.tests.PlaylistTests" time="4.11">
    <system-out><![CDATA[STARTING TEST: ShouldBeAbleToCreatePlaylist
STARTING TEST: ShouldBeAbleToUpdatePlaylist
STARTING TEST: ShouldNotBeAbleToCreatePlaylistWithExpiredToken
STARTING TEST: ShouldNotBeAbleToCreatePlaylistWithoutName
STARTING TEST: ShouldBeAbleToGetPlaylist
Thread ID: 25
Thread ID: 26
Thread ID: 22
Thread ID: 24
Thread ID: 23
Renewing Token..
Request method:	POST
Request URI:	https://accounts.spotify.com/api/token
Proxy:			<none>
Request params:	<none>
Query params:	<none>
Form params:	refresh_token=AQCihp1wbRnAQTWvt2CW4QZHUjfHgAxQuo0dsPHa7ATR9siu0M8tmVn__E_SvbpRQA6i5NGN4JCyH5OlhsteNR0Xal1lAI7OSXVbrmNR4xIE1zL7Ln93F3gThw6w527OdWw
				grant_type=refresh_token
				client_secret=c5f02866a18b4b4ab353006308b0ced6
				client_id=a67da5d057d84f4d91e8fe5dc057977d
Path params:	<none>
Headers:		Accept=*/*
				Content-Type=application/x-www-form-urlencoded; charset=ISO-8859-1
Cookies:		<none>
Multiparts:		<none>
Body:			<none>
Request method:	POST
Request URI:	https://api.spotify.com/v1/users/31riagxrmqgrxbxp3og5lon5zvvm/playlists
Proxy:			<none>
Request params:	<none>
Query params:	<none>
Form params:	<none>
Path params:	<none>
Headers:		Accept=*/*
				Content-Type=application/json
Cookies:		<none>
Multiparts:		<none>
Body:
{
    "description": "Description  + _2 Z# u2 #_WO +Ra# u_w 3&EO&#G/+h_# t& &##_r+9d",
    "name": "Playlist Q4-419Kq,d",
    "public": false
}
HTTP/1.1 401 Unauthorized
www-authenticate: Bearer realm="spotify", error="invalid_token", error_description="Invalid access token"
access-control-allow-origin: *
access-control-allow-headers: Accept, App-Platform, Authorization, Content-Type, Origin, Retry-After, Spotify-App-Version, X-Cloud-Trace-Context, client-token, content-access-token
access-control-allow-methods: GET, POST, OPTIONS, PUT, DELETE, PATCH
access-control-allow-credentials: true
access-control-max-age: 604800
content-type: application/json
content-encoding: gzip
strict-transport-security: max-age=31536000
x-content-type-options: nosniff
date: Sat, 02 Nov 2024 11:45:56 GMT
server: envoy
Via: HTTP/2 edgeproxy, 1.1 google
Alt-Svc: h3=":443"; ma=2592000,h3-29=":443"; ma=2592000
Transfer-Encoding: chunked

{
    "error": {
        "status": 401,
        "message": "Invalid access token"
    }
}
HTTP/1.1 200 OK
date: Sat, 02 Nov 2024 11:45:56 GMT
content-type: application/json
vary: Accept-Encoding
x-request-id: 265b9707-1bfb-412b-8307-a99572590ac0
set-cookie: __Host-device_id=AQCPYkZGe_vYaCVvwyRG_Ko7X_tl6KboQPQBWtiiv9J2x8dc-UCI8DYFspZgOLJv6oXcJPBNVpIDB3VMuSXLz5brATDVjwJNWgA;Version=1;Path=/;Max-Age=2147483647;Secure;HttpOnly;SameSite=Lax
set-cookie: sp_tr=false;Version=1;Domain=accounts.spotify.com;Path=/;Secure;SameSite=Lax
sp-trace-id: 1bd8ab1600200c24
content-encoding: gzip
x-envoy-upstream-service-time: 23
server: envoy
strict-transport-security: max-age=31536000
x-content-type-options: nosniff
Via: HTTP/2 edgeproxy, 1.1 google
Alt-Svc: h3=":443"; ma=2592000,h3-29=":443"; ma=2592000
Transfer-Encoding: chunked

{
    "access_token": "BQDJ6onH2D241n1ASVhfhg6gHaso-bdWYFHifcm-vjhKHFs6Ae_6nAft4-rpUdwgAG2WHpfMn1ufxk3EMDUo5yHRDSDUOZb_cbQ7MMmJEKoVLkCp-EGFEEv21CokRdJte_jsOWq4HpP0sQOlGPl7pMeK41ge3cp2V0VJuzH0QbfC6FkjS81eEAmIMK3zyOpR6NMPjl9fUV0toW_ExnkzWC6ik556swUx-a2IrBA-UccPLTyBukJxLw16LWVmFigawLac6vfEN6ZWwUZdA7YWM8by",
    "token_type": "Bearer",
    "expires_in": 3600,
    "scope": "playlist-read-private playlist-read-collaborative playlist-modify-private playlist-modify-public"
}
]]></system-out>
    <system-err><![CDATA[SLF4J: Failed to load class "org.slf4j.impl.StaticLoggerBinder".
SLF4J: Defaulting to no-operation (NOP) logger implementation
SLF4J: See http://www.slf4j.org/codes.html#StaticLoggerBinder for further details.
]]></system-err>
  </testcase>
  <testcase name="ShouldNotBeAbleToCreatePlaylistWithoutName" classname="com.spotify.oauth2.tests.PlaylistTests" time="5.465">
    <system-out><![CDATA[Token is good to use
Token is good to use
Token is good to use
Request method:	GET
Request URI:	https://api.spotify.com/v1/playlists/1WTK34AP0Wr9rNSytCE7iC
Proxy:			<none>
Request params:	<none>
Query params:	<none>
Form params:	<none>
Path params:	<none>
Headers:		Accept=*/*
				Content-Type=application/json
Cookies:		<none>
Multiparts:		<none>
Body:			<none>
Request method:	PUT
Request URI:	https://api.spotify.com/v1/playlists/2p7cquNGGq2UXNNL2BWxBQ
Proxy:			<none>
Request params:	<none>
Query params:	<none>
Form params:	<none>
Path params:	<none>
Headers:		Accept=*/*
				Content-Type=application/json
Cookies:		<none>
Multiparts:		<none>
Body:
{
    "description": "Description ##A_p+S+_&._&##&+ _#5&+o0M p+7++W#HYM#&G+6&& #&eI&",
    "name": "Playlist jR,__T_4G_",
    "public": false
}
Request method:	POST
Request URI:	https://api.spotify.com/v1/users/31riagxrmqgrxbxp3og5lon5zvvm/playlists
Proxy:			<none>
Request params:	<none>
Query params:	<none>
Form params:	<none>
Path params:	<none>
Headers:		Accept=*/*
				Content-Type=application/json
Cookies:		<none>
Multiparts:		<none>
Body:
{
    "description": "Description _#++ E #_#Ne #v_A# _5&q3N_ g_#+v+@Q-+gri+#h## w&  ",
    "name": "Playlist 2C-_b,3 S_",
    "public": false
}
Request method:	POST
Request URI:	https://api.spotify.com/v1/users/31riagxrmqgrxbxp3og5lon5zvvm/playlists
Proxy:			<none>
Request params:	<none>
Query params:	<none>
Form params:	<none>
Path params:	<none>
Headers:		Accept=*/*
				Content-Type=application/json
Cookies:		<none>
Multiparts:		<none>
Body:
{
    "description": "Description # R#a_1_++A k_8w&-t#Sv_/ Z #C-T__#+_++&3& & #+-dP+",
    "name": "",
    "public": false
}
HTTP/1.1 400 Bad Request
content-type: application/json; charset=utf-8
cache-control: private, max-age=0
access-control-allow-origin: *
access-control-allow-headers: Accept, App-Platform, Authorization, Content-Type, Origin, Retry-After, Spotify-App-Version, X-Cloud-Trace-Context, client-token, content-access-token
access-control-allow-methods: GET, POST, OPTIONS, PUT, DELETE, PATCH
access-control-allow-credentials: true
access-control-max-age: 604800
content-encoding: gzip
strict-transport-security: max-age=31536000
x-content-type-options: nosniff
date: Sat, 02 Nov 2024 11:45:58 GMT
server: envoy
Via: HTTP/2 edgeproxy, 1.1 google
Alt-Svc: h3=":443"; ma=2592000,h3-29=":443"; ma=2592000
Transfer-Encoding: chunked

{
    "error": {
        "status": 400,
        "message": "Missing required field: name"
    }
}
]]></system-out>
  </testcase>
  <testcase name="ShouldBeAbleToUpdatePlaylist" classname="com.spotify.oauth2.tests.PlaylistTests" time="5.57">
    <system-out><![CDATA[HTTP/1.1 200 OK
content-type: application/json; charset=utf-8
cache-control: public, max-age=0
etag: "MC-ImMyY2Y2NjU0ODkwOTcxNmZmMDUwYmMzNTRjNDFkNDM3Ig=="
x-robots-tag: noindex, nofollow
access-control-allow-origin: *
access-control-allow-headers: Accept, App-Platform, Authorization, Content-Type, Origin, Retry-After, Spotify-App-Version, X-Cloud-Trace-Context, client-token, content-access-token
access-control-allow-methods: GET, POST, OPTIONS, PUT, DELETE, PATCH
access-control-allow-credentials: true
access-control-max-age: 604800
content-encoding: gzip
strict-transport-security: max-age=31536000
x-content-type-options: nosniff
date: Sat, 02 Nov 2024 11:45:58 GMT
server: envoy
Via: HTTP/2 edgeproxy, 1.1 google
Alt-Svc: h3=":443"; ma=2592000,h3-29=":443"; ma=2592000
Transfer-Encoding: chunked

{
    "collaborative": false,
    "description": "Updated playlist description",
    "external_urls": {
        "spotify": "https://open.spotify.com/playlist/1WTK34AP0Wr9rNSytCE7iC"
    },
    "followers": {
        "href": null,
        "total": 0
    },
    "href": "https://api.spotify.com/v1/playlists/1WTK34AP0Wr9rNSytCE7iC",
    "id": "1WTK34AP0Wr9rNSytCE7iC",
    "images": null,
    "name": "Updated Playlist Name",
    "owner": {
        "display_name": "Tariq",
        "external_urls": {
            "spotify": "https://open.spotify.com/user/31riagxrmqgrxbxp3og5lon5zvvm"
        },
        "href": "https://api.spotify.com/v1/users/31riagxrmqgrxbxp3og5lon5zvvm",
        "id": "31riagxrmqgrxbxp3og5lon5zvvm",
        "type": "user",
        "uri": "spotify:user:31riagxrmqgrxbxp3og5lon5zvvm"
    },
    "primary_color": null,
    "public": true,
    "snapshot_id": "AAAAAnjsoZZYf/n/74E2s2Oei5BmHBsi",
    "tracks": {
        "href": "https://api.spotify.com/v1/playlists/1WTK34AP0Wr9rNSytCE7iC/tracks?offset=0&limit=0",
        "items": [
            
        ],
        "limit": 0,
        "next": null,
        "offset": 0,
        "previous": null,
        "total": 0
    },
    "type": "playlist",
    "uri": "spotify:playlist:1WTK34AP0Wr9rNSytCE7iC"
}
HTTP/1.1 200 OK
cache-control: private, max-age=0
x-robots-tag: noindex, nofollow
access-control-allow-origin: *
access-control-allow-headers: Accept, App-Platform, Authorization, Content-Type, Origin, Retry-After, Spotify-App-Version, X-Cloud-Trace-Context, client-token, content-access-token
access-control-allow-methods: GET, POST, OPTIONS, PUT, DELETE, PATCH
access-control-allow-credentials: true
access-control-max-age: 604800
Content-Length: 0
strict-transport-security: max-age=31536000
x-content-type-options: nosniff
date: Sat, 02 Nov 2024 11:45:58 GMT
server: envoy
Via: HTTP/2 edgeproxy, 1.1 google
Alt-Svc: h3=":443"; ma=2592000,h3-29=":443"; ma=2592000
]]></system-out>
  </testcase>
  <testcase name="ShouldBeAbleToGetPlaylist" classname="com.spotify.oauth2.tests.PlaylistTests" time="5.616">
    <system-out><![CDATA[HTTP/1.1 201 Created
content-type: application/json; charset=utf-8
cache-control: private, max-age=0
x-robots-tag: noindex, nofollow
access-control-allow-origin: *
access-control-allow-headers: Accept, App-Platform, Authorization, Content-Type, Origin, Retry-After, Spotify-App-Version, X-Cloud-Trace-Context, client-token, content-access-token
access-control-allow-methods: GET, POST, OPTIONS, PUT, DELETE, PATCH
access-control-allow-credentials: true
access-control-max-age: 604800
content-encoding: gzip
strict-transport-security: max-age=31536000
x-content-type-options: nosniff
date: Sat, 02 Nov 2024 11:45:58 GMT
server: envoy
Via: HTTP/2 edgeproxy, 1.1 google
Alt-Svc: h3=":443"; ma=2592000,h3-29=":443"; ma=2592000
Transfer-Encoding: chunked

{
    "collaborative": false,
    "description": "Description _#++ E #_#Ne #v_A# _5&q3N_ g_#+v+@Q-+gri+#h## w&  ",
    "external_urls": {
        "spotify": "https://open.spotify.com/playlist/6PzACOZ34aWWSvUJTY5Vrn"
    },
    "followers": {
        "href": null,
        "total": 0
    },
    "href": "https://api.spotify.com/v1/playlists/6PzACOZ34aWWSvUJTY5Vrn",
    "id": "6PzACOZ34aWWSvUJTY5Vrn",
    "images": [
        
    ],
    "primary_color": null,
    "name": "Playlist 2C-_b,3 S_",
    "type": "playlist",
    "uri": "spotify:playlist:6PzACOZ34aWWSvUJTY5Vrn",
    "owner": {
        "href": "https://api.spotify.com/v1/users/31riagxrmqgrxbxp3og5lon5zvvm",
        "id": "31riagxrmqgrxbxp3og5lon5zvvm",
        "type": "user",
        "uri": "spotify:user:31riagxrmqgrxbxp3og5lon5zvvm",
        "display_name": null,
        "external_urls": {
            "spotify": "https://open.spotify.com/user/31riagxrmqgrxbxp3og5lon5zvvm"
        }
    },
    "public": false,
    "snapshot_id": "AAAAM/LeZrzkUmwk32kuadEKU+w8/CpN",
    "tracks": {
        "limit": 100,
        "next": null,
        "offset": 0,
        "previous": null,
        "href": "https://api.spotify.com/v1/playlists/6PzACOZ34aWWSvUJTY5Vrn/tracks",
        "total": 0,
        "items": [
            
        ]
    }
}
]]></system-out>
  </testcase>
  <testcase name="ShouldBeAbleToCreatePlaylist" classname="com.spotify.oauth2.tests.PlaylistTests" time="5.622"/>
</testsuite>